# JRE version: OpenJDK Runtime Environment (8.0_242-b01) (build 1.8.0_242-release-1644-b01)
# Java VM: OpenJDK 64-Bit Server VM (25.242-b01 mixed mode windows-amd64 compressed oops)
Heap:
 PSYoungGen      total 545792K, used 259080K [0x00000000d5580000, 0x00000000fbd80000, 0x0000000100000000)
  eden space 505344K, 44% used [0x00000000d5580000,0x00000000e3332940,0x00000000f4300000)
  from space 40448K, 79% used [0x00000000f4300000,0x00000000f624fa30,0x00000000f6a80000)
  to   space 43520K, 0% used [0x00000000f9300000,0x00000000f9300000,0x00000000fbd80000)
 ParOldGen       total 172544K, used 51602K [0x0000000080000000, 0x000000008a880000, 0x00000000d5580000)
  object space 172544K, 29% used [0x0000000080000000,0x0000000083264a60,0x000000008a880000)
 Metaspace       used 106734K, capacity 112698K, committed 112984K, reserved 1146880K
  class space    used 13755K, capacity 14911K, committed 14976K, reserved 1048576K
GC Heap History (10 events):
Event: 169.863 GC heap before
{Heap before GC invocations=25 (full 3):
 PSYoungGen      total 435712K, used 430365K [0x00000000d5580000, 0x00000000f5f00000, 0x0000000100000000)
  eden space 402944K, 100% used [0x00000000d5580000,0x00000000edf00000,0x00000000edf00000)
  from space 32768K, 83% used [0x00000000edf00000,0x00000000ef9c76b8,0x00000000eff00000)
  to   space 36352K, 0% used [0x00000000f3b80000,0x00000000f3b80000,0x00000000f5f00000)
 ParOldGen       total 114688K, used 55198K [0x0000000080000000, 0x0000000087000000, 0x00000000d5580000)
  object space 114688K, 48% used [0x0000000080000000,0x00000000835e7820,0x0000000087000000)
 Metaspace       used 87515K, capacity 91776K, committed 91864K, reserved 1128448K
  class space    used 11476K, capacity 12263K, committed 12288K, reserved 1048576K
Event: 169.934 GC heap after
Heap after GC invocations=25 (full 3):
 PSYoungGen      total 495104K, used 27400K [0x00000000d5580000, 0x00000000f6580000, 0x0000000100000000)
  eden space 458752K, 0% used [0x00000000d5580000,0x00000000d5580000,0x00000000f1580000)
  from space 36352K, 75% used [0x00000000f3b80000,0x00000000f56422e8,0x00000000f5f00000)
  to   space 38912K, 0% used [0x00000000f1580000,0x00000000f1580000,0x00000000f3b80000)
 ParOldGen       total 114688K, used 55206K [0x0000000080000000, 0x0000000087000000, 0x00000000d5580000)
  object space 114688K, 48% used [0x0000000080000000,0x00000000835e9820,0x0000000087000000)
 Metaspace       used 87515K, capacity 91776K, committed 91864K, reserved 1128448K
  class space    used 11476K, capacity 12263K, committed 12288K, reserved 1048576K
}
Event: 408.121 GC heap before
{Heap before GC invocations=26 (full 3):
 PSYoungGen      total 495104K, used 486152K [0x00000000d5580000, 0x00000000f6580000, 0x0000000100000000)
  eden space 458752K, 100% used [0x00000000d5580000,0x00000000f1580000,0x00000000f1580000)
  from space 36352K, 75% used [0x00000000f3b80000,0x00000000f56422e8,0x00000000f5f00000)
  to   space 38912K, 0% used [0x00000000f1580000,0x00000000f1580000,0x00000000f3b80000)
 ParOldGen       total 114688K, used 55206K [0x0000000080000000, 0x0000000087000000, 0x00000000d5580000)
  object space 114688K, 48% used [0x0000000080000000,0x00000000835e9820,0x0000000087000000)
 Metaspace       used 91668K, capacity 96272K, committed 96344K, reserved 1132544K
  class space    used 12054K, capacity 12877K, committed 12928K, reserved 1048576K
Event: 408.179 GC heap after
Heap after GC invocations=26 (full 3):
 PSYoungGen      total 497664K, used 27194K [0x00000000d5580000, 0x00000000f9d00000, 0x0000000100000000)
  eden space 458752K, 0% used [0x00000000d5580000,0x00000000d5580000,0x00000000f1580000)
  from space 38912K, 69% used [0x00000000f1580000,0x00000000f300ea98,0x00000000f3b80000)
  to   space 40960K, 0% used [0x00000000f7500000,0x00000000f7500000,0x00000000f9d00000)
 ParOldGen       total 114688K, used 55214K [0x0000000080000000, 0x0000000087000000, 0x00000000d5580000)
  object space 114688K, 48% used [0x0000000080000000,0x00000000835eb820,0x0000000087000000)
 Metaspace       used 91668K, capacity 96272K, committed 96344K, reserved 1132544K
  class space    used 12054K, capacity 12877K, committed 12928K, reserved 1048576K
}
Event: 675.446 GC heap before
{Heap before GC invocations=27 (full 3):
 PSYoungGen      total 497664K, used 455960K [0x00000000d5580000, 0x00000000f9d00000, 0x0000000100000000)
  eden space 458752K, 93% used [0x00000000d5580000,0x00000000ef8376e0,0x00000000f1580000)
  from space 38912K, 69% used [0x00000000f1580000,0x00000000f300ea98,0x00000000f3b80000)
  to   space 40960K, 0% used [0x00000000f7500000,0x00000000f7500000,0x00000000f9d00000)
 ParOldGen       total 114688K, used 55214K [0x0000000080000000, 0x0000000087000000, 0x00000000d5580000)
  object space 114688K, 48% used [0x0000000080000000,0x00000000835eb820,0x0000000087000000)
 Metaspace       used 93193K, capacity 98238K, committed 98280K, reserved 1134592K
  class space    used 12145K, capacity 13016K, committed 13056K, reserved 1048576K
Event: 675.489 GC heap after
Heap after GC invocations=27 (full 3):
 PSYoungGen      total 535040K, used 20434K [0x00000000d5580000, 0x00000000f9200000, 0x0000000100000000)
  eden space 505344K, 0% used [0x00000000d5580000,0x00000000d5580000,0x00000000f4300000)
  from space 29696K, 68% used [0x00000000f7500000,0x00000000f88f4828,0x00000000f9200000)
  to   space 40448K, 0% used [0x00000000f4300000,0x00000000f4300000,0x00000000f6a80000)
 ParOldGen       total 114688K, used 55222K [0x0000000080000000, 0x0000000087000000, 0x00000000d5580000)
  object space 114688K, 48% used [0x0000000080000000,0x00000000835ed820,0x0000000087000000)
 Metaspace       used 93193K, capacity 98238K, committed 98280K, reserved 1134592K
  class space    used 12145K, capacity 13016K, committed 13056K, reserved 1048576K
}
Event: 675.489 GC heap before
{Heap before GC invocations=28 (full 4):
 PSYoungGen      total 535040K, used 20434K [0x00000000d5580000, 0x00000000f9200000, 0x0000000100000000)
  eden space 505344K, 0% used [0x00000000d5580000,0x00000000d5580000,0x00000000f4300000)
  from space 29696K, 68% used [0x00000000f7500000,0x00000000f88f4828,0x00000000f9200000)
  to   space 40448K, 0% used [0x00000000f4300000,0x00000000f4300000,0x00000000f6a80000)
 ParOldGen       total 114688K, used 55222K [0x0000000080000000, 0x0000000087000000, 0x00000000d5580000)
  object space 114688K, 48% used [0x0000000080000000,0x00000000835ed820,0x0000000087000000)
 Metaspace       used 93193K, capacity 98238K, committed 98280K, reserved 1134592K
  class space    used 12145K, capacity 13016K, committed 13056K, reserved 1048576K
Event: 675.807 GC heap after
Heap after GC invocations=28 (full 4):
 PSYoungGen      total 535040K, used 0K [0x00000000d5580000, 0x00000000f9200000, 0x0000000100000000)
  eden space 505344K, 0% used [0x00000000d5580000,0x00000000d5580000,0x00000000f4300000)
  from space 29696K, 0% used [0x00000000f7500000,0x00000000f7500000,0x00000000f9200000)
  to   space 40448K, 0% used [0x00000000f4300000,0x00000000f4300000,0x00000000f6a80000)
 ParOldGen       total 172544K, used 51594K [0x0000000080000000, 0x000000008a880000, 0x00000000d5580000)
  object space 172544K, 29% used [0x0000000080000000,0x0000000083262a60,0x000000008a880000)
 Metaspace       used 93003K, capacity 97692K, committed 98280K, reserved 1134592K
  class space    used 12082K, capacity 12905K, committed 13056K, reserved 1048576K
}
Event: 1423.052 GC heap before
{Heap before GC invocations=29 (full 4):
 PSYoungGen      total 535040K, used 505344K [0x00000000d5580000, 0x00000000f9200000, 0x0000000100000000)
  eden space 505344K, 100% used [0x00000000d5580000,0x00000000f4300000,0x00000000f4300000)
  from space 29696K, 0% used [0x00000000f7500000,0x00000000f7500000,0x00000000f9200000)
  to   space 40448K, 0% used [0x00000000f4300000,0x00000000f4300000,0x00000000f6a80000)
 ParOldGen       total 172544K, used 51594K [0x0000000080000000, 0x000000008a880000, 0x00000000d5580000)
  object space 172544K, 29% used [0x0000000080000000,0x0000000083262a60,0x000000008a880000)
 Metaspace       used 106516K, capacity 112436K, committed 112728K, reserved 1146880K
  class space    used 13742K, capacity 14874K, committed 14976K, reserved 1048576K
Event: 1423.112 GC heap after
Heap after GC invocations=29 (full 4):
 PSYoungGen      total 545792K, used 32062K [0x00000000d5580000, 0x00000000fbd80000, 0x0000000100000000)
  eden space 505344K, 0% used [0x00000000d5580000,0x00000000d5580000,0x00000000f4300000)
  from space 40448K, 79% used [0x00000000f4300000,0x00000000f624fa30,0x00000000f6a80000)
  to   space 43520K, 0% used [0x00000000f9300000,0x00000000f9300000,0x00000000fbd80000)
 ParOldGen       total 172544K, used 51602K [0x0000000080000000, 0x000000008a880000, 0x00000000d5580000)
  object space 172544K, 29% used [0x0000000080000000,0x0000000083264a60,0x000000008a880000)
 Metaspace       used 106516K, capacity 112436K, committed 112728K, reserved 1146880K
  class space    used 13742K, capacity 14874K, committed 14976K, reserved 1048576K
}

