# JRE version: OpenJDK Runtime Environment (8.0_242-b01) (build 1.8.0_242-release-1644-b01)
# Java VM: OpenJDK 64-Bit Server VM (25.242-b01 mixed mode windows-amd64 compressed oops)
Heap:
 PSYoungGen      total 328192K, used 227874K [0x00000000d5580000, 0x00000000eb100000, 0x0000000100000000)
  eden space 309760K, 68% used [0x00000000d5580000,0x00000000e240df68,0x00000000e8400000)
  from space 18432K, 88% used [0x00000000e9f00000,0x00000000eaefac28,0x00000000eb100000)
  to   space 23040K, 0% used [0x00000000e8400000,0x00000000e8400000,0x00000000e9a80000)
 ParOldGen       total 130560K, used 68900K [0x0000000080000000, 0x0000000087f80000, 0x00000000d5580000)
  object space 130560K, 52% used [0x0000000080000000,0x0000000084349308,0x0000000087f80000)
 Metaspace       used 80196K, capacity 84468K, committed 84696K, reserved 1122304K
  class space    used 10635K, capacity 11466K, committed 11480K, reserved 1048576K
GC Heap History (10 events):
Event: 43.226 GC heap before
{Heap before GC invocations=21 (full 2):
 PSYoungGen      total 222720K, used 216576K [0x00000000d5580000, 0x00000000e3a00000, 0x0000000100000000)
  eden space 216576K, 100% used [0x00000000d5580000,0x00000000e2900000,0x00000000e2900000)
  from space 6144K, 0% used [0x00000000e3400000,0x00000000e3400000,0x00000000e3a00000)
  to   space 8704K, 0% used [0x00000000e2900000,0x00000000e2900000,0x00000000e3180000)
 ParOldGen       total 74752K, used 15885K [0x0000000080000000, 0x0000000084900000, 0x00000000d5580000)
  object space 74752K, 21% used [0x0000000080000000,0x0000000080f837d8,0x0000000084900000)
 Metaspace       used 50842K, capacity 52704K, committed 53080K, reserved 1095680K
  class space    used 6777K, capacity 7204K, committed 7256K, reserved 1048576K
Event: 43.289 GC heap after
Heap after GC invocations=21 (full 2):
 PSYoungGen      total 225280K, used 8684K [0x00000000d5580000, 0x00000000e8400000, 0x0000000100000000)
  eden space 216576K, 0% used [0x00000000d5580000,0x00000000d5580000,0x00000000e2900000)
  from space 8704K, 99% used [0x00000000e2900000,0x00000000e317b310,0x00000000e3180000)
  to   space 15360K, 0% used [0x00000000e7500000,0x00000000e7500000,0x00000000e8400000)
 ParOldGen       total 74752K, used 30922K [0x0000000080000000, 0x0000000084900000, 0x00000000d5580000)
  object space 74752K, 41% used [0x0000000080000000,0x0000000081e32ab0,0x0000000084900000)
 Metaspace       used 50842K, capacity 52704K, committed 53080K, reserved 1095680K
  class space    used 6777K, capacity 7204K, committed 7256K, reserved 1048576K
}
Event: 46.024 GC heap before
{Heap before GC invocations=22 (full 2):
 PSYoungGen      total 225280K, used 94120K [0x00000000d5580000, 0x00000000e8400000, 0x0000000100000000)
  eden space 216576K, 39% used [0x00000000d5580000,0x00000000da8eef98,0x00000000e2900000)
  from space 8704K, 99% used [0x00000000e2900000,0x00000000e317b310,0x00000000e3180000)
  to   space 15360K, 0% used [0x00000000e7500000,0x00000000e7500000,0x00000000e8400000)
 ParOldGen       total 74752K, used 30922K [0x0000000080000000, 0x0000000084900000, 0x00000000d5580000)
  object space 74752K, 41% used [0x0000000080000000,0x0000000081e32ab0,0x0000000084900000)
 Metaspace       used 56746K, capacity 58868K, committed 58968K, reserved 1099776K
  class space    used 7713K, capacity 8182K, committed 8280K, reserved 1048576K
Event: 46.058 GC heap after
Heap after GC invocations=22 (full 2):
 PSYoungGen      total 294400K, used 7972K [0x00000000d5580000, 0x00000000e8580000, 0x0000000100000000)
  eden space 279040K, 0% used [0x00000000d5580000,0x00000000d5580000,0x00000000e6600000)
  from space 15360K, 51% used [0x00000000e7500000,0x00000000e7cc9138,0x00000000e8400000)
  to   space 15360K, 0% used [0x00000000e6600000,0x00000000e6600000,0x00000000e7500000)
 ParOldGen       total 74752K, used 39634K [0x0000000080000000, 0x0000000084900000, 0x00000000d5580000)
  object space 74752K, 53% used [0x0000000080000000,0x00000000826b4948,0x0000000084900000)
 Metaspace       used 56746K, capacity 58868K, committed 58968K, reserved 1099776K
  class space    used 7713K, capacity 8182K, committed 8280K, reserved 1048576K
}
Event: 46.058 GC heap before
{Heap before GC invocations=23 (full 3):
 PSYoungGen      total 294400K, used 7972K [0x00000000d5580000, 0x00000000e8580000, 0x0000000100000000)
  eden space 279040K, 0% used [0x00000000d5580000,0x00000000d5580000,0x00000000e6600000)
  from space 15360K, 51% used [0x00000000e7500000,0x00000000e7cc9138,0x00000000e8400000)
  to   space 15360K, 0% used [0x00000000e6600000,0x00000000e6600000,0x00000000e7500000)
 ParOldGen       total 74752K, used 39634K [0x0000000080000000, 0x0000000084900000, 0x00000000d5580000)
  object space 74752K, 53% used [0x0000000080000000,0x00000000826b4948,0x0000000084900000)
 Metaspace       used 56746K, capacity 58868K, committed 58968K, reserved 1099776K
  class space    used 7713K, capacity 8182K, committed 8280K, reserved 1048576K
Event: 46.510 GC heap after
Heap after GC invocations=23 (full 3):
 PSYoungGen      total 294400K, used 0K [0x00000000d5580000, 0x00000000e8580000, 0x0000000100000000)
  eden space 279040K, 0% used [0x00000000d5580000,0x00000000d5580000,0x00000000e6600000)
  from space 15360K, 0% used [0x00000000e7500000,0x00000000e7500000,0x00000000e8400000)
  to   space 15360K, 0% used [0x00000000e6600000,0x00000000e6600000,0x00000000e7500000)
 ParOldGen       total 130560K, used 44579K [0x0000000080000000, 0x0000000087f80000, 0x00000000d5580000)
  object space 130560K, 34% used [0x0000000080000000,0x0000000082b88f18,0x0000000087f80000)
 Metaspace       used 56741K, capacity 58850K, committed 58968K, reserved 1099776K
  class space    used 7712K, capacity 8179K, committed 8280K, reserved 1048576K
}
Event: 59.758 GC heap before
{Heap before GC invocations=24 (full 3):
 PSYoungGen      total 294400K, used 279040K [0x00000000d5580000, 0x00000000e8580000, 0x0000000100000000)
  eden space 279040K, 100% used [0x00000000d5580000,0x00000000e6600000,0x00000000e6600000)
  from space 15360K, 0% used [0x00000000e7500000,0x00000000e7500000,0x00000000e8400000)
  to   space 15360K, 0% used [0x00000000e6600000,0x00000000e6600000,0x00000000e7500000)
 ParOldGen       total 130560K, used 44579K [0x0000000080000000, 0x0000000087f80000, 0x00000000d5580000)
  object space 130560K, 34% used [0x0000000080000000,0x0000000082b88f18,0x0000000087f80000)
 Metaspace       used 71661K, capacity 74694K, committed 74840K, reserved 1114112K
  class space    used 9853K, capacity 10519K, committed 10584K, reserved 1048576K
Event: 59.831 GC heap after
Heap after GC invocations=24 (full 3):
 PSYoungGen      total 294400K, used 15336K [0x00000000d5580000, 0x00000000eb400000, 0x0000000100000000)
  eden space 279040K, 0% used [0x00000000d5580000,0x00000000d5580000,0x00000000e6600000)
  from space 15360K, 99% used [0x00000000e6600000,0x00000000e74fa1a0,0x00000000e7500000)
  to   space 21504K, 0% used [0x00000000e9f00000,0x00000000e9f00000,0x00000000eb400000)
 ParOldGen       total 130560K, used 54739K [0x0000000080000000, 0x0000000087f80000, 0x00000000d5580000)
  object space 130560K, 41% used [0x0000000080000000,0x0000000083574eb8,0x0000000087f80000)
 Metaspace       used 71661K, capacity 74694K, committed 74840K, reserved 1114112K
  class space    used 9853K, capacity 10519K, committed 10584K, reserved 1048576K
}
Event: 188.672 GC heap before
{Heap before GC invocations=25 (full 3):
 PSYoungGen      total 294400K, used 294376K [0x00000000d5580000, 0x00000000eb400000, 0x0000000100000000)
  eden space 279040K, 100% used [0x00000000d5580000,0x00000000e6600000,0x00000000e6600000)
  from space 15360K, 99% used [0x00000000e6600000,0x00000000e74fa1a0,0x00000000e7500000)
  to   space 21504K, 0% used [0x00000000e9f00000,0x00000000e9f00000,0x00000000eb400000)
 ParOldGen       total 130560K, used 54739K [0x0000000080000000, 0x0000000087f80000, 0x00000000d5580000)
  object space 130560K, 41% used [0x0000000080000000,0x0000000083574eb8,0x0000000087f80000)
 Metaspace       used 79406K, capacity 83168K, committed 83288K, reserved 1122304K
  class space    used 10569K, capacity 11348K, committed 11352K, reserved 1048576K
Event: 188.734 GC heap after
Heap after GC invocations=25 (full 3):
 PSYoungGen      total 328192K, used 16363K [0x00000000d5580000, 0x00000000eb100000, 0x0000000100000000)
  eden space 309760K, 0% used [0x00000000d5580000,0x00000000d5580000,0x00000000e8400000)
  from space 18432K, 88% used [0x00000000e9f00000,0x00000000eaefac28,0x00000000eb100000)
  to   space 23040K, 0% used [0x00000000e8400000,0x00000000e8400000,0x00000000e9a80000)
 ParOldGen       total 130560K, used 68900K [0x0000000080000000, 0x0000000087f80000, 0x00000000d5580000)
  object space 130560K, 52% used [0x0000000080000000,0x0000000084349308,0x0000000087f80000)
 Metaspace       used 79406K, capacity 83168K, committed 83288K, reserved 1122304K
  class space    used 10569K, capacity 11348K, committed 11352K, reserved 1048576K
}

