# JRE version: OpenJDK Runtime Environment (8.0_242-b01) (build 1.8.0_242-release-1644-b01)
# Java VM: OpenJDK 64-Bit Server VM (25.242-b01 mixed mode windows-amd64 compressed oops)
Heap:
 PSYoungGen      total 303616K, used 121430K [0x00000000d5580000, 0x00000000ea000000, 0x0000000100000000)
  eden space 272896K, 36% used [0x00000000d5580000,0x00000000db6c0e40,0x00000000e6000000)
  from space 30720K, 71% used [0x00000000e7f80000,0x00000000e94d4a30,0x00000000e9d80000)
  to   space 32256K, 0% used [0x00000000e6000000,0x00000000e6000000,0x00000000e7f80000)
 ParOldGen       total 189952K, used 48498K [0x0000000080000000, 0x000000008b980000, 0x00000000d5580000)
  object space 189952K, 25% used [0x0000000080000000,0x0000000082f5ca08,0x000000008b980000)
 Metaspace       used 101129K, capacity 106016K, committed 106200K, reserved 1140736K
  class space    used 13255K, capacity 14240K, committed 14336K, reserved 1048576K
GC Heap History (10 events):
Event: 191.713 GC heap before
{Heap before GC invocations=18 (full 3):
 PSYoungGen      total 220160K, used 220149K [0x00000000d5580000, 0x00000000e4a80000, 0x0000000100000000)
  eden space 200704K, 100% used [0x00000000d5580000,0x00000000e1980000,0x00000000e1980000)
  from space 19456K, 99% used [0x00000000e3180000,0x00000000e447d648,0x00000000e4480000)
  to   space 24576K, 0% used [0x00000000e1980000,0x00000000e1980000,0x00000000e3180000)
 ParOldGen       total 131584K, used 37385K [0x0000000080000000, 0x0000000088080000, 0x00000000d5580000)
  object space 131584K, 28% used [0x0000000080000000,0x0000000082482730,0x0000000088080000)
 Metaspace       used 87828K, capacity 91864K, committed 91992K, reserved 1128448K
  class space    used 11809K, capacity 12603K, committed 12672K, reserved 1048576K
Event: 191.773 GC heap after
Heap after GC invocations=18 (full 3):
 PSYoungGen      total 225280K, used 24551K [0x00000000d5580000, 0x00000000e8800000, 0x0000000100000000)
  eden space 200704K, 0% used [0x00000000d5580000,0x00000000d5580000,0x00000000e1980000)
  from space 24576K, 99% used [0x00000000e1980000,0x00000000e3179e98,0x00000000e3180000)
  to   space 32768K, 0% used [0x00000000e6800000,0x00000000e6800000,0x00000000e8800000)
 ParOldGen       total 131584K, used 49808K [0x0000000080000000, 0x0000000088080000, 0x00000000d5580000)
  object space 131584K, 37% used [0x0000000080000000,0x00000000830a42e0,0x0000000088080000)
 Metaspace       used 87828K, capacity 91864K, committed 91992K, reserved 1128448K
  class space    used 11809K, capacity 12603K, committed 12672K, reserved 1048576K
}
Event: 413.106 GC heap before
{Heap before GC invocations=19 (full 3):
 PSYoungGen      total 225280K, used 225255K [0x00000000d5580000, 0x00000000e8800000, 0x0000000100000000)
  eden space 200704K, 100% used [0x00000000d5580000,0x00000000e1980000,0x00000000e1980000)
  from space 24576K, 99% used [0x00000000e1980000,0x00000000e3179e98,0x00000000e3180000)
  to   space 32768K, 0% used [0x00000000e6800000,0x00000000e6800000,0x00000000e8800000)
 ParOldGen       total 131584K, used 49808K [0x0000000080000000, 0x0000000088080000, 0x00000000d5580000)
  object space 131584K, 37% used [0x0000000080000000,0x00000000830a42e0,0x0000000088080000)
 Metaspace       used 92290K, capacity 96626K, committed 96728K, reserved 1132544K
  class space    used 12196K, capacity 13032K, committed 13056K, reserved 1048576K
Event: 413.148 GC heap after
Heap after GC invocations=19 (full 3):
 PSYoungGen      total 263680K, used 9578K [0x00000000d5580000, 0x00000000e7e80000, 0x0000000100000000)
  eden space 240640K, 0% used [0x00000000d5580000,0x00000000d5580000,0x00000000e4080000)
  from space 23040K, 41% used [0x00000000e6800000,0x00000000e715abc0,0x00000000e7e80000)
  to   space 31744K, 0% used [0x00000000e4080000,0x00000000e4080000,0x00000000e5f80000)
 ParOldGen       total 131584K, used 63175K [0x0000000080000000, 0x0000000088080000, 0x00000000d5580000)
  object space 131584K, 48% used [0x0000000080000000,0x0000000083db1c30,0x0000000088080000)
 Metaspace       used 92290K, capacity 96626K, committed 96728K, reserved 1132544K
  class space    used 12196K, capacity 13032K, committed 13056K, reserved 1048576K
}
Event: 414.437 GC heap before
{Heap before GC invocations=20 (full 3):
 PSYoungGen      total 263680K, used 52547K [0x00000000d5580000, 0x00000000e7e80000, 0x0000000100000000)
  eden space 240640K, 17% used [0x00000000d5580000,0x00000000d7f763f8,0x00000000e4080000)
  from space 23040K, 41% used [0x00000000e6800000,0x00000000e715abc0,0x00000000e7e80000)
  to   space 31744K, 0% used [0x00000000e4080000,0x00000000e4080000,0x00000000e5f80000)
 ParOldGen       total 131584K, used 63175K [0x0000000080000000, 0x0000000088080000, 0x00000000d5580000)
  object space 131584K, 48% used [0x0000000080000000,0x0000000083db1c30,0x0000000088080000)
 Metaspace       used 93447K, capacity 98108K, committed 98264K, reserved 1134592K
  class space    used 12317K, capacity 13191K, committed 13312K, reserved 1048576K
Event: 414.453 GC heap after
Heap after GC invocations=20 (full 3):
 PSYoungGen      total 272384K, used 6372K [0x00000000d5580000, 0x00000000e9d80000, 0x0000000100000000)
  eden space 240640K, 0% used [0x00000000d5580000,0x00000000d5580000,0x00000000e4080000)
  from space 31744K, 20% used [0x00000000e4080000,0x00000000e46b91b0,0x00000000e5f80000)
  to   space 30720K, 0% used [0x00000000e7f80000,0x00000000e7f80000,0x00000000e9d80000)
 ParOldGen       total 131584K, used 63183K [0x0000000080000000, 0x0000000088080000, 0x00000000d5580000)
  object space 131584K, 48% used [0x0000000080000000,0x0000000083db3c30,0x0000000088080000)
 Metaspace       used 93447K, capacity 98108K, committed 98264K, reserved 1134592K
  class space    used 12317K, capacity 13191K, committed 13312K, reserved 1048576K
}
Event: 414.453 GC heap before
{Heap before GC invocations=21 (full 4):
 PSYoungGen      total 272384K, used 6372K [0x00000000d5580000, 0x00000000e9d80000, 0x0000000100000000)
  eden space 240640K, 0% used [0x00000000d5580000,0x00000000d5580000,0x00000000e4080000)
  from space 31744K, 20% used [0x00000000e4080000,0x00000000e46b91b0,0x00000000e5f80000)
  to   space 30720K, 0% used [0x00000000e7f80000,0x00000000e7f80000,0x00000000e9d80000)
 ParOldGen       total 131584K, used 63183K [0x0000000080000000, 0x0000000088080000, 0x00000000d5580000)
  object space 131584K, 48% used [0x0000000080000000,0x0000000083db3c30,0x0000000088080000)
 Metaspace       used 93447K, capacity 98108K, committed 98264K, reserved 1134592K
  class space    used 12317K, capacity 13191K, committed 13312K, reserved 1048576K
Event: 414.804 GC heap after
Heap after GC invocations=21 (full 4):
 PSYoungGen      total 272384K, used 0K [0x00000000d5580000, 0x00000000e9d80000, 0x0000000100000000)
  eden space 240640K, 0% used [0x00000000d5580000,0x00000000d5580000,0x00000000e4080000)
  from space 31744K, 0% used [0x00000000e4080000,0x00000000e4080000,0x00000000e5f80000)
  to   space 30720K, 0% used [0x00000000e7f80000,0x00000000e7f80000,0x00000000e9d80000)
 ParOldGen       total 189952K, used 48490K [0x0000000080000000, 0x000000008b980000, 0x00000000d5580000)
  object space 189952K, 25% used [0x0000000080000000,0x0000000082f5aa08,0x000000008b980000)
 Metaspace       used 93250K, capacity 97570K, committed 98264K, reserved 1134592K
  class space    used 12258K, capacity 13098K, committed 13312K, reserved 1048576K
}
Event: 1176.127 GC heap before
{Heap before GC invocations=22 (full 4):
 PSYoungGen      total 272384K, used 240640K [0x00000000d5580000, 0x00000000e9d80000, 0x0000000100000000)
  eden space 240640K, 100% used [0x00000000d5580000,0x00000000e4080000,0x00000000e4080000)
  from space 31744K, 0% used [0x00000000e4080000,0x00000000e4080000,0x00000000e5f80000)
  to   space 30720K, 0% used [0x00000000e7f80000,0x00000000e7f80000,0x00000000e9d80000)
 ParOldGen       total 189952K, used 48490K [0x0000000080000000, 0x000000008b980000, 0x00000000d5580000)
  object space 189952K, 25% used [0x0000000080000000,0x0000000082f5aa08,0x000000008b980000)
 Metaspace       used 100722K, capacity 105684K, committed 105944K, reserved 1140736K
  class space    used 13237K, capacity 14228K, committed 14336K, reserved 1048576K
Event: 1176.182 GC heap after
Heap after GC invocations=22 (full 4):
 PSYoungGen      total 303616K, used 21842K [0x00000000d5580000, 0x00000000ea000000, 0x0000000100000000)
  eden space 272896K, 0% used [0x00000000d5580000,0x00000000d5580000,0x00000000e6000000)
  from space 30720K, 71% used [0x00000000e7f80000,0x00000000e94d4a30,0x00000000e9d80000)
  to   space 32256K, 0% used [0x00000000e6000000,0x00000000e6000000,0x00000000e7f80000)
 ParOldGen       total 189952K, used 48498K [0x0000000080000000, 0x000000008b980000, 0x00000000d5580000)
  object space 189952K, 25% used [0x0000000080000000,0x0000000082f5ca08,0x000000008b980000)
 Metaspace       used 100722K, capacity 105684K, committed 105944K, reserved 1140736K
  class space    used 13237K, capacity 14228K, committed 14336K, reserved 1048576K
}

